{"/Users/alexpeirson/Desktop/futureproof/LAP2/Quiz_project/src/App.js": {"path":"/Users/alexpeirson/Desktop/futureproof/LAP2/Quiz_project/src/App.js","statementMap":{"0":{"start":{"line":12,"column":4},"end":{"line":21,"column":5}}},"fnMap":{"0":{"name":"(anonymous_0)","decl":{"start":{"line":11,"column":2},"end":{"line":11,"column":3}},"loc":{"start":{"line":11,"column":11},"end":{"line":22,"column":3}},"line":11}},"branchMap":{},"s":{"0":1},"f":{"0":1},"b":{},"_coverageSchema":"1a1c01bbd47fc00a2c39e90264f33305004495a9","hash":"1e66add1538af634c65e4ef83564f5c8a82040f9"}
,"/Users/alexpeirson/Desktop/futureproof/LAP2/Quiz_project/src/actions/Actions.js": {"path":"/Users/alexpeirson/Desktop/futureproof/LAP2/Quiz_project/src/actions/Actions.js","statementMap":{"0":{"start":{"line":1,"column":20},"end":{"line":4,"column":2}},"1":{"start":{"line":1,"column":37},"end":{"line":4,"column":1}},"2":{"start":{"line":6,"column":21},"end":{"line":9,"column":2}},"3":{"start":{"line":6,"column":39},"end":{"line":9,"column":1}},"4":{"start":{"line":11,"column":26},"end":{"line":14,"column":2}},"5":{"start":{"line":11,"column":42},"end":{"line":14,"column":1}},"6":{"start":{"line":16,"column":25},"end":{"line":19,"column":2}},"7":{"start":{"line":16,"column":38},"end":{"line":19,"column":1}},"8":{"start":{"line":21,"column":28},"end":{"line":31,"column":1}},"9":{"start":{"line":22,"column":4},"end":{"line":30,"column":5}},"10":{"start":{"line":23,"column":8},"end":{"line":29,"column":9}},"11":{"start":{"line":24,"column":12},"end":{"line":24,"column":47}},"12":{"start":{"line":25,"column":25},"end":{"line":25,"column":59}},"13":{"start":{"line":26,"column":12},"end":{"line":26,"column":40}},"14":{"start":{"line":28,"column":12},"end":{"line":28,"column":37}},"15":{"start":{"line":33,"column":23},"end":{"line":41,"column":1}},"16":{"start":{"line":34,"column":4},"end":{"line":40,"column":5}},"17":{"start":{"line":35,"column":21},"end":{"line":35,"column":197}},"18":{"start":{"line":36,"column":21},"end":{"line":36,"column":38}},"19":{"start":{"line":37,"column":8},"end":{"line":37,"column":19}},"20":{"start":{"line":39,"column":8},"end":{"line":39,"column":36}}},"fnMap":{"0":{"name":"(anonymous_0)","decl":{"start":{"line":1,"column":20},"end":{"line":1,"column":21}},"loc":{"start":{"line":1,"column":37},"end":{"line":4,"column":1}},"line":1},"1":{"name":"(anonymous_1)","decl":{"start":{"line":6,"column":21},"end":{"line":6,"column":22}},"loc":{"start":{"line":6,"column":39},"end":{"line":9,"column":1}},"line":6},"2":{"name":"(anonymous_2)","decl":{"start":{"line":11,"column":26},"end":{"line":11,"column":27}},"loc":{"start":{"line":11,"column":42},"end":{"line":14,"column":1}},"line":11},"3":{"name":"(anonymous_3)","decl":{"start":{"line":16,"column":25},"end":{"line":16,"column":26}},"loc":{"start":{"line":16,"column":38},"end":{"line":19,"column":1}},"line":16},"4":{"name":"(anonymous_4)","decl":{"start":{"line":21,"column":28},"end":{"line":21,"column":29}},"loc":{"start":{"line":21,"column":44},"end":{"line":31,"column":1}},"line":21},"5":{"name":"(anonymous_5)","decl":{"start":{"line":22,"column":11},"end":{"line":22,"column":12}},"loc":{"start":{"line":22,"column":29},"end":{"line":30,"column":5}},"line":22},"6":{"name":"(anonymous_6)","decl":{"start":{"line":33,"column":23},"end":{"line":33,"column":24}},"loc":{"start":{"line":33,"column":45},"end":{"line":41,"column":1}},"line":33}},"branchMap":{},"s":{"0":1,"1":0,"2":1,"3":0,"4":1,"5":0,"6":1,"7":0,"8":1,"9":0,"10":0,"11":0,"12":0,"13":0,"14":0,"15":1,"16":0,"17":0,"18":0,"19":0,"20":0},"f":{"0":0,"1":0,"2":0,"3":0,"4":0,"5":0,"6":0},"b":{},"_coverageSchema":"1a1c01bbd47fc00a2c39e90264f33305004495a9","hash":"1821bc9144d95e226832d59756056a1c7893261b"}
,"/Users/alexpeirson/Desktop/futureproof/LAP2/Quiz_project/src/components/Form.js": {"path":"/Users/alexpeirson/Desktop/futureproof/LAP2/Quiz_project/src/components/Form.js","statementMap":{"0":{"start":{"line":9,"column":12},"end":{"line":9,"column":30}},"1":{"start":{"line":11,"column":18},"end":{"line":15,"column":5}},"2":{"start":{"line":12,"column":23},"end":{"line":12,"column":46}},"3":{"start":{"line":13,"column":8},"end":{"line":13,"column":48}},"4":{"start":{"line":14,"column":8},"end":{"line":14,"column":33}},"5":{"start":{"line":17,"column":19},"end":{"line":22,"column":5}},"6":{"start":{"line":18,"column":8},"end":{"line":18,"column":27}},"7":{"start":{"line":19,"column":8},"end":{"line":19,"column":25}},"8":{"start":{"line":20,"column":8},"end":{"line":20,"column":47}},"9":{"start":{"line":21,"column":8},"end":{"line":21,"column":44}},"10":{"start":{"line":26,"column":8},"end":{"line":75,"column":9}},"11":{"start":{"line":80,"column":13},"end":{"line":82,"column":2}},"12":{"start":{"line":80,"column":26},"end":{"line":82,"column":1}},"13":{"start":{"line":81,"column":19},"end":{"line":81,"column":47}}},"fnMap":{"0":{"name":"(anonymous_0)","decl":{"start":{"line":11,"column":18},"end":{"line":11,"column":19}},"loc":{"start":{"line":11,"column":23},"end":{"line":15,"column":5}},"line":11},"1":{"name":"(anonymous_1)","decl":{"start":{"line":17,"column":19},"end":{"line":17,"column":20}},"loc":{"start":{"line":17,"column":24},"end":{"line":22,"column":5}},"line":17},"2":{"name":"(anonymous_2)","decl":{"start":{"line":24,"column":4},"end":{"line":24,"column":5}},"loc":{"start":{"line":24,"column":12},"end":{"line":76,"column":5}},"line":24},"3":{"name":"(anonymous_3)","decl":{"start":{"line":80,"column":13},"end":{"line":80,"column":14}},"loc":{"start":{"line":80,"column":26},"end":{"line":82,"column":1}},"line":80},"4":{"name":"(anonymous_4)","decl":{"start":{"line":81,"column":9},"end":{"line":81,"column":10}},"loc":{"start":{"line":81,"column":19},"end":{"line":81,"column":47}},"line":81}},"branchMap":{},"s":{"0":0,"1":0,"2":0,"3":0,"4":0,"5":0,"6":0,"7":0,"8":0,"9":0,"10":0,"11":1,"12":0,"13":0},"f":{"0":0,"1":0,"2":0,"3":0,"4":0},"b":{},"_coverageSchema":"1a1c01bbd47fc00a2c39e90264f33305004495a9","hash":"8c4908c1f747e7bda7efb618ddef1e94022ca4c8"}
,"/Users/alexpeirson/Desktop/futureproof/LAP2/Quiz_project/src/components/Players.js": {"path":"/Users/alexpeirson/Desktop/futureproof/LAP2/Quiz_project/src/components/Players.js","statementMap":{"0":{"start":{"line":8,"column":12},"end":{"line":10,"column":5}},"1":{"start":{"line":12,"column":19},"end":{"line":18,"column":5}},"2":{"start":{"line":13,"column":8},"end":{"line":13,"column":26}},"3":{"start":{"line":14,"column":8},"end":{"line":14,"column":24}},"4":{"start":{"line":15,"column":8},"end":{"line":15,"column":40}},"5":{"start":{"line":16,"column":8},"end":{"line":16,"column":46}},"6":{"start":{"line":20,"column":19},"end":{"line":23,"column":5}},"7":{"start":{"line":21,"column":8},"end":{"line":21,"column":56}},"8":{"start":{"line":25,"column":22},"end":{"line":35,"column":5}},"9":{"start":{"line":26,"column":22},"end":{"line":26,"column":62}},"10":{"start":{"line":27,"column":8},"end":{"line":34,"column":9}},"11":{"start":{"line":29,"column":16},"end":{"line":32,"column":22}},"12":{"start":{"line":39,"column":8},"end":{"line":44,"column":9}},"13":{"start":{"line":48,"column":13},"end":{"line":50,"column":2}},"14":{"start":{"line":48,"column":25},"end":{"line":50,"column":1}},"15":{"start":{"line":52,"column":13},"end":{"line":54,"column":2}},"16":{"start":{"line":52,"column":26},"end":{"line":54,"column":1}},"17":{"start":{"line":53,"column":18},"end":{"line":53,"column":45}}},"fnMap":{"0":{"name":"(anonymous_0)","decl":{"start":{"line":12,"column":19},"end":{"line":12,"column":20}},"loc":{"start":{"line":12,"column":26},"end":{"line":18,"column":5}},"line":12},"1":{"name":"(anonymous_1)","decl":{"start":{"line":20,"column":19},"end":{"line":20,"column":20}},"loc":{"start":{"line":20,"column":26},"end":{"line":23,"column":5}},"line":20},"2":{"name":"(anonymous_2)","decl":{"start":{"line":25,"column":22},"end":{"line":25,"column":23}},"loc":{"start":{"line":25,"column":28},"end":{"line":35,"column":5}},"line":25},"3":{"name":"(anonymous_3)","decl":{"start":{"line":28,"column":24},"end":{"line":28,"column":25}},"loc":{"start":{"line":29,"column":16},"end":{"line":32,"column":22}},"line":29},"4":{"name":"(anonymous_4)","decl":{"start":{"line":38,"column":4},"end":{"line":38,"column":5}},"loc":{"start":{"line":38,"column":13},"end":{"line":45,"column":5}},"line":38},"5":{"name":"(anonymous_5)","decl":{"start":{"line":48,"column":13},"end":{"line":48,"column":14}},"loc":{"start":{"line":48,"column":25},"end":{"line":50,"column":1}},"line":48},"6":{"name":"(anonymous_6)","decl":{"start":{"line":52,"column":13},"end":{"line":52,"column":14}},"loc":{"start":{"line":52,"column":26},"end":{"line":54,"column":1}},"line":52},"7":{"name":"(anonymous_7)","decl":{"start":{"line":53,"column":9},"end":{"line":53,"column":10}},"loc":{"start":{"line":53,"column":18},"end":{"line":53,"column":45}},"line":53}},"branchMap":{},"s":{"0":0,"1":0,"2":0,"3":0,"4":0,"5":0,"6":0,"7":0,"8":0,"9":0,"10":0,"11":0,"12":0,"13":1,"14":0,"15":1,"16":0,"17":0},"f":{"0":0,"1":0,"2":0,"3":0,"4":0,"5":0,"6":0,"7":0},"b":{},"_coverageSchema":"1a1c01bbd47fc00a2c39e90264f33305004495a9","hash":"761b4af5a6c9ef83a64a2c6060355509d9594a33"}
,"/Users/alexpeirson/Desktop/futureproof/LAP2/Quiz_project/src/components/Questions.js": {"path":"/Users/alexpeirson/Desktop/futureproof/LAP2/Quiz_project/src/components/Questions.js","statementMap":{"0":{"start":{"line":11,"column":8},"end":{"line":11,"column":20}},"1":{"start":{"line":12,"column":27},"end":{"line":12,"column":64}},"2":{"start":{"line":13,"column":8},"end":{"line":13,"column":61}},"3":{"start":{"line":14,"column":8},"end":{"line":14,"column":41}},"4":{"start":{"line":15,"column":8},"end":{"line":15,"column":44}},"5":{"start":{"line":19,"column":21},"end":{"line":26,"column":5}},"6":{"start":{"line":20,"column":8},"end":{"line":25,"column":9}},"7":{"start":{"line":28,"column":21},"end":{"line":37,"column":5}},"8":{"start":{"line":29,"column":16},"end":{"line":29,"column":28}},"9":{"start":{"line":30,"column":8},"end":{"line":35,"column":9}},"10":{"start":{"line":31,"column":12},"end":{"line":31,"column":48}},"11":{"start":{"line":32,"column":12},"end":{"line":32,"column":25}},"12":{"start":{"line":33,"column":12},"end":{"line":33,"column":32}},"13":{"start":{"line":34,"column":12},"end":{"line":34,"column":25}},"14":{"start":{"line":36,"column":8},"end":{"line":36,"column":21}},"15":{"start":{"line":39,"column":12},"end":{"line":48,"column":5}},"16":{"start":{"line":40,"column":22},"end":{"line":40,"column":89}},"17":{"start":{"line":41,"column":8},"end":{"line":41,"column":46}},"18":{"start":{"line":43,"column":21},"end":{"line":46,"column":9}},"19":{"start":{"line":47,"column":8},"end":{"line":47,"column":28}},"20":{"start":{"line":50,"column":24},"end":{"line":62,"column":5}},"21":{"start":{"line":51,"column":8},"end":{"line":61,"column":10}},"22":{"start":{"line":52,"column":12},"end":{"line":59,"column":18}},"23":{"start":{"line":56,"column":24},"end":{"line":56,"column":162}},"24":{"start":{"line":65,"column":8},"end":{"line":69,"column":9}},"25":{"start":{"line":73,"column":13},"end":{"line":75,"column":2}},"26":{"start":{"line":73,"column":23},"end":{"line":75,"column":1}},"27":{"start":{"line":77,"column":13},"end":{"line":79,"column":2}},"28":{"start":{"line":77,"column":26},"end":{"line":79,"column":1}},"29":{"start":{"line":78,"column":19},"end":{"line":78,"column":44}}},"fnMap":{"0":{"name":"(anonymous_0)","decl":{"start":{"line":10,"column":4},"end":{"line":10,"column":5}},"loc":{"start":{"line":10,"column":22},"end":{"line":16,"column":5}},"line":10},"1":{"name":"(anonymous_1)","decl":{"start":{"line":19,"column":21},"end":{"line":19,"column":22}},"loc":{"start":{"line":19,"column":27},"end":{"line":26,"column":5}},"line":19},"2":{"name":"(anonymous_2)","decl":{"start":{"line":28,"column":21},"end":{"line":28,"column":22}},"loc":{"start":{"line":28,"column":32},"end":{"line":37,"column":5}},"line":28},"3":{"name":"(anonymous_3)","decl":{"start":{"line":39,"column":12},"end":{"line":39,"column":13}},"loc":{"start":{"line":39,"column":19},"end":{"line":48,"column":5}},"line":39},"4":{"name":"(anonymous_4)","decl":{"start":{"line":50,"column":24},"end":{"line":50,"column":25}},"loc":{"start":{"line":50,"column":37},"end":{"line":62,"column":5}},"line":50},"5":{"name":"(anonymous_5)","decl":{"start":{"line":51,"column":27},"end":{"line":51,"column":28}},"loc":{"start":{"line":52,"column":12},"end":{"line":59,"column":18}},"line":52},"6":{"name":"(anonymous_6)","decl":{"start":{"line":55,"column":44},"end":{"line":55,"column":45}},"loc":{"start":{"line":56,"column":24},"end":{"line":56,"column":162}},"line":56},"7":{"name":"(anonymous_7)","decl":{"start":{"line":64,"column":4},"end":{"line":64,"column":5}},"loc":{"start":{"line":64,"column":13},"end":{"line":70,"column":5}},"line":64},"8":{"name":"(anonymous_8)","decl":{"start":{"line":73,"column":13},"end":{"line":73,"column":14}},"loc":{"start":{"line":73,"column":23},"end":{"line":75,"column":1}},"line":73},"9":{"name":"(anonymous_9)","decl":{"start":{"line":77,"column":13},"end":{"line":77,"column":14}},"loc":{"start":{"line":77,"column":26},"end":{"line":79,"column":1}},"line":77},"10":{"name":"(anonymous_10)","decl":{"start":{"line":78,"column":9},"end":{"line":78,"column":10}},"loc":{"start":{"line":78,"column":19},"end":{"line":78,"column":44}},"line":78}},"branchMap":{"0":{"loc":{"start":{"line":40,"column":22},"end":{"line":40,"column":89}},"type":"cond-expr","locations":[{"start":{"line":40,"column":77},"end":{"line":40,"column":81}},{"start":{"line":40,"column":84},"end":{"line":40,"column":89}}],"line":40},"1":{"loc":{"start":{"line":67,"column":17},"end":{"line":67,"column":91}},"type":"cond-expr","locations":[{"start":{"line":67,"column":39},"end":{"line":67,"column":60}},{"start":{"line":67,"column":63},"end":{"line":67,"column":91}}],"line":67}},"s":{"0":0,"1":0,"2":0,"3":0,"4":0,"5":0,"6":0,"7":0,"8":0,"9":0,"10":0,"11":0,"12":0,"13":0,"14":0,"15":0,"16":0,"17":0,"18":0,"19":0,"20":0,"21":0,"22":0,"23":0,"24":0,"25":1,"26":0,"27":1,"28":0,"29":0},"f":{"0":0,"1":0,"2":0,"3":0,"4":0,"5":0,"6":0,"7":0,"8":0,"9":0,"10":0},"b":{"0":[0,0],"1":[0,0]},"_coverageSchema":"1a1c01bbd47fc00a2c39e90264f33305004495a9","hash":"8c7a0ec8fd4760cd43ab6b43ed58a5602f9c2563"}
,"/Users/alexpeirson/Desktop/futureproof/LAP2/Quiz_project/src/components/ResultsForm.js": {"path":"/Users/alexpeirson/Desktop/futureproof/LAP2/Quiz_project/src/components/ResultsForm.js","statementMap":{"0":{"start":{"line":6,"column":12},"end":{"line":6,"column":32}},"1":{"start":{"line":9,"column":22},"end":{"line":9,"column":40}},"2":{"start":{"line":10,"column":22},"end":{"line":10,"column":40}},"3":{"start":{"line":12,"column":8},"end":{"line":22,"column":9}},"4":{"start":{"line":13,"column":12},"end":{"line":13,"column":48}},"5":{"start":{"line":14,"column":12},"end":{"line":21,"column":13}},"6":{"start":{"line":15,"column":16},"end":{"line":20,"column":17}},"7":{"start":{"line":16,"column":20},"end":{"line":19,"column":21}},"8":{"start":{"line":17,"column":24},"end":{"line":17,"column":58}},"9":{"start":{"line":18,"column":24},"end":{"line":18,"column":63}},"10":{"start":{"line":24,"column":23},"end":{"line":24,"column":25}},"11":{"start":{"line":25,"column":8},"end":{"line":27,"column":9}},"12":{"start":{"line":26,"column":12},"end":{"line":26,"column":68}},"13":{"start":{"line":28,"column":8},"end":{"line":28,"column":44}},"14":{"start":{"line":28,"column":33},"end":{"line":28,"column":42}},"15":{"start":{"line":30,"column":8},"end":{"line":45,"column":9}},"16":{"start":{"line":33,"column":16},"end":{"line":41,"column":17}},"17":{"start":{"line":34,"column":20},"end":{"line":36,"column":21}},"18":{"start":{"line":38,"column":20},"end":{"line":40,"column":21}},"19":{"start":{"line":48,"column":15},"end":{"line":51,"column":5}},"20":{"start":{"line":49,"column":8},"end":{"line":49,"column":38}},"21":{"start":{"line":50,"column":8},"end":{"line":50,"column":37}},"22":{"start":{"line":54,"column":8},"end":{"line":59,"column":9}},"23":{"start":{"line":63,"column":13},"end":{"line":67,"column":2}},"24":{"start":{"line":63,"column":23},"end":{"line":67,"column":1}}},"fnMap":{"0":{"name":"(anonymous_0)","decl":{"start":{"line":8,"column":4},"end":{"line":8,"column":5}},"loc":{"start":{"line":8,"column":19},"end":{"line":46,"column":5}},"line":8},"1":{"name":"(anonymous_1)","decl":{"start":{"line":28,"column":23},"end":{"line":28,"column":24}},"loc":{"start":{"line":28,"column":33},"end":{"line":28,"column":42}},"line":28},"2":{"name":"(anonymous_2)","decl":{"start":{"line":32,"column":26},"end":{"line":32,"column":27}},"loc":{"start":{"line":32,"column":43},"end":{"line":43,"column":13}},"line":32},"3":{"name":"(anonymous_3)","decl":{"start":{"line":48,"column":15},"end":{"line":48,"column":16}},"loc":{"start":{"line":48,"column":20},"end":{"line":51,"column":5}},"line":48},"4":{"name":"(anonymous_4)","decl":{"start":{"line":53,"column":4},"end":{"line":53,"column":5}},"loc":{"start":{"line":53,"column":13},"end":{"line":60,"column":5}},"line":53},"5":{"name":"(anonymous_5)","decl":{"start":{"line":63,"column":13},"end":{"line":63,"column":14}},"loc":{"start":{"line":63,"column":23},"end":{"line":67,"column":1}},"line":63}},"branchMap":{"0":{"loc":{"start":{"line":15,"column":16},"end":{"line":20,"column":17}},"type":"if","locations":[{"start":{"line":15,"column":16},"end":{"line":20,"column":17}},{"start":{"line":15,"column":16},"end":{"line":20,"column":17}}],"line":15},"1":{"loc":{"start":{"line":16,"column":20},"end":{"line":19,"column":21}},"type":"if","locations":[{"start":{"line":16,"column":20},"end":{"line":19,"column":21}},{"start":{"line":16,"column":20},"end":{"line":19,"column":21}}],"line":16},"2":{"loc":{"start":{"line":33,"column":16},"end":{"line":41,"column":17}},"type":"if","locations":[{"start":{"line":33,"column":16},"end":{"line":41,"column":17}},{"start":{"line":33,"column":16},"end":{"line":41,"column":17}}],"line":33},"3":{"loc":{"start":{"line":56,"column":17},"end":{"line":56,"column":82}},"type":"cond-expr","locations":[{"start":{"line":56,"column":38},"end":{"line":56,"column":57}},{"start":{"line":56,"column":60},"end":{"line":56,"column":82}}],"line":56}},"s":{"0":0,"1":0,"2":0,"3":0,"4":0,"5":0,"6":0,"7":0,"8":0,"9":0,"10":0,"11":0,"12":0,"13":0,"14":0,"15":0,"16":0,"17":0,"18":0,"19":0,"20":0,"21":0,"22":0,"23":1,"24":0},"f":{"0":0,"1":0,"2":0,"3":0,"4":0,"5":0},"b":{"0":[0,0],"1":[0,0],"2":[0,0],"3":[0,0]},"_coverageSchema":"1a1c01bbd47fc00a2c39e90264f33305004495a9","hash":"ad95476448a9a430524b300c59c6e276b46aebc5"}
,"/Users/alexpeirson/Desktop/futureproof/LAP2/Quiz_project/src/containers/Home.js": {"path":"/Users/alexpeirson/Desktop/futureproof/LAP2/Quiz_project/src/containers/Home.js","statementMap":{"0":{"start":{"line":8,"column":8},"end":{"line":13,"column":9}}},"fnMap":{"0":{"name":"(anonymous_0)","decl":{"start":{"line":7,"column":4},"end":{"line":7,"column":5}},"loc":{"start":{"line":7,"column":12},"end":{"line":14,"column":5}},"line":7}},"branchMap":{},"s":{"0":0},"f":{"0":0},"b":{},"_coverageSchema":"1a1c01bbd47fc00a2c39e90264f33305004495a9","hash":"74bb48d7940b6ee8994e498c300726b1a7f00562"}
,"/Users/alexpeirson/Desktop/futureproof/LAP2/Quiz_project/src/containers/Quiz.js": {"path":"/Users/alexpeirson/Desktop/futureproof/LAP2/Quiz_project/src/containers/Quiz.js","statementMap":{"0":{"start":{"line":8,"column":22},"end":{"line":14,"column":5}},"1":{"start":{"line":9,"column":8},"end":{"line":13,"column":10}},"2":{"start":{"line":10,"column":12},"end":{"line":12,"column":18}},"3":{"start":{"line":16,"column":17},"end":{"line":18,"column":5}},"4":{"start":{"line":17,"column":8},"end":{"line":17,"column":44}},"5":{"start":{"line":21,"column":8},"end":{"line":27,"column":9}},"6":{"start":{"line":31,"column":13},"end":{"line":33,"column":2}},"7":{"start":{"line":31,"column":23},"end":{"line":33,"column":1}}},"fnMap":{"0":{"name":"(anonymous_0)","decl":{"start":{"line":8,"column":22},"end":{"line":8,"column":23}},"loc":{"start":{"line":8,"column":35},"end":{"line":14,"column":5}},"line":8},"1":{"name":"(anonymous_1)","decl":{"start":{"line":9,"column":27},"end":{"line":9,"column":28}},"loc":{"start":{"line":10,"column":12},"end":{"line":12,"column":18}},"line":10},"2":{"name":"(anonymous_2)","decl":{"start":{"line":16,"column":17},"end":{"line":16,"column":18}},"loc":{"start":{"line":16,"column":21},"end":{"line":18,"column":5}},"line":16},"3":{"name":"(anonymous_3)","decl":{"start":{"line":20,"column":4},"end":{"line":20,"column":5}},"loc":{"start":{"line":20,"column":12},"end":{"line":28,"column":5}},"line":20},"4":{"name":"(anonymous_4)","decl":{"start":{"line":31,"column":13},"end":{"line":31,"column":14}},"loc":{"start":{"line":31,"column":23},"end":{"line":33,"column":1}},"line":31}},"branchMap":{"0":{"loc":{"start":{"line":24,"column":17},"end":{"line":24,"column":104}},"type":"cond-expr","locations":[{"start":{"line":24,"column":38},"end":{"line":24,"column":78}},{"start":{"line":24,"column":81},"end":{"line":24,"column":104}}],"line":24}},"s":{"0":0,"1":0,"2":0,"3":0,"4":0,"5":0,"6":1,"7":0},"f":{"0":0,"1":0,"2":0,"3":0,"4":0},"b":{"0":[0,0]},"_coverageSchema":"1a1c01bbd47fc00a2c39e90264f33305004495a9","hash":"b06c23d36b9066a321a7033ce672995b1c99af7a"}
,"/Users/alexpeirson/Desktop/futureproof/LAP2/Quiz_project/src/containers/Results.js": {"path":"/Users/alexpeirson/Desktop/futureproof/LAP2/Quiz_project/src/containers/Results.js","statementMap":{},"fnMap":{},"branchMap":{},"s":{},"f":{},"b":{},"_coverageSchema":"1a1c01bbd47fc00a2c39e90264f33305004495a9","hash":"edf8526b9261b89643e570ec7bd511822504bc0d"}
,"/Users/alexpeirson/Desktop/futureproof/LAP2/Quiz_project/src/containers/index.js": {"path":"/Users/alexpeirson/Desktop/futureproof/LAP2/Quiz_project/src/containers/index.js","statementMap":{},"fnMap":{},"branchMap":{},"s":{},"f":{},"b":{},"_coverageSchema":"1a1c01bbd47fc00a2c39e90264f33305004495a9","hash":"2327940f234acfb3e0a26fe6f6343df6452bac61"}
}
